<?xml version="1.0" encoding="UTF-8"?>
<!-- Generated by org.testng.reporters.JUnitXMLReporter -->
<testsuite hostname="Desktop" ignored="0" name="Command line test" tests="2" failures="0" timestamp="2021-08-13T19:53:17 CEST" time="11.853" errors="0">
  <testcase name="urlLoadTest" time="0.051" classname="com.atg.hast.testautomation.testcases.HastV4TestCase1"/>
  <testcase name="acceptCookiesTest" time="0.541" classname="com.atg.hast.testautomation.testcases.HastV4TestCase1"/>
</testsuite> <!-- Command line test -->
